2023-07-09 15:57:32.5494|0|DEBUG|CinemaTicketSystem.Web.Program|init main 
2023-07-09 15:57:34.0116|0|INFO|Microsoft.Hosting.Lifetime|Application started. Press Ctrl+C to shut down. 
2023-07-09 15:57:34.0230|0|INFO|Microsoft.Hosting.Lifetime|Hosting environment: Development 
2023-07-09 15:57:34.0303|0|INFO|Microsoft.Hosting.Lifetime|Content root path: C:\Users\dimit\source\repos\SixthSemester\ISHomework_CinemaTicketSystem\CinemaTicketSystem.Web 
2023-07-09 15:59:51.2128|0|DEBUG|CinemaTicketSystem.Web.Program|init main 
2023-07-09 15:59:52.4642|0|INFO|Microsoft.Hosting.Lifetime|Application started. Press Ctrl+C to shut down. 
2023-07-09 15:59:52.4715|0|INFO|Microsoft.Hosting.Lifetime|Hosting environment: Development 
2023-07-09 15:59:52.4715|0|INFO|Microsoft.Hosting.Lifetime|Content root path: C:\Users\dimit\source\repos\SixthSemester\ISHomework_CinemaTicketSystem\CinemaTicketSystem.Web 
2023-07-09 16:42:24.5232|0|DEBUG|CinemaTicketSystem.Web.Program|init main 
2023-07-09 16:42:25.7195|0|INFO|Microsoft.Hosting.Lifetime|Application started. Press Ctrl+C to shut down. 
2023-07-09 16:42:25.7195|0|INFO|Microsoft.Hosting.Lifetime|Hosting environment: Development 
2023-07-09 16:42:25.7195|0|INFO|Microsoft.Hosting.Lifetime|Content root path: C:\Users\dimit\source\repos\SixthSemester\ISHomework_CinemaTicketSystem\CinemaTicketSystem.Web 
2023-07-09 17:32:27.4243|0|DEBUG|CinemaTicketSystem.Web.Program|init main 
2023-07-09 17:32:28.5446|0|INFO|Microsoft.Hosting.Lifetime|Application started. Press Ctrl+C to shut down. 
2023-07-09 17:32:28.5524|0|INFO|Microsoft.Hosting.Lifetime|Hosting environment: Development 
2023-07-09 17:32:28.5524|0|INFO|Microsoft.Hosting.Lifetime|Content root path: C:\Users\dimit\source\repos\SixthSemester\ISHomework_CinemaTicketSystem\CinemaTicketSystem.Web 
2023-07-09 17:39:45.0054|0|DEBUG|CinemaTicketSystem.Web.Program|init main 
2023-07-09 17:39:46.0705|0|INFO|Microsoft.Hosting.Lifetime|Application started. Press Ctrl+C to shut down. 
2023-07-09 17:39:46.0705|0|INFO|Microsoft.Hosting.Lifetime|Hosting environment: Development 
2023-07-09 17:39:46.0786|0|INFO|Microsoft.Hosting.Lifetime|Content root path: C:\Users\dimit\source\repos\SixthSemester\ISHomework_CinemaTicketSystem\CinemaTicketSystem.Web 
2023-07-09 17:49:55.5491|0|DEBUG|CinemaTicketSystem.Web.Program|init main 
2023-07-09 17:49:56.6358|0|INFO|Microsoft.Hosting.Lifetime|Application started. Press Ctrl+C to shut down. 
2023-07-09 17:49:56.6386|0|INFO|Microsoft.Hosting.Lifetime|Hosting environment: Development 
2023-07-09 17:49:56.6386|0|INFO|Microsoft.Hosting.Lifetime|Content root path: C:\Users\dimit\source\repos\SixthSemester\ISHomework_CinemaTicketSystem\CinemaTicketSystem.Web 
2023-07-09 17:55:39.6974|0|DEBUG|CinemaTicketSystem.Web.Program|init main 
2023-07-09 17:55:40.7946|0|INFO|Microsoft.Hosting.Lifetime|Application started. Press Ctrl+C to shut down. 
2023-07-09 17:55:40.7966|0|INFO|Microsoft.Hosting.Lifetime|Hosting environment: Development 
2023-07-09 17:55:40.7966|0|INFO|Microsoft.Hosting.Lifetime|Content root path: C:\Users\dimit\source\repos\SixthSemester\ISHomework_CinemaTicketSystem\CinemaTicketSystem.Web 
2023-07-09 17:55:57.6102|0|DEBUG|CinemaTicketSystem.Web.Program|init main 
2023-07-09 17:55:58.6007|0|INFO|Microsoft.Hosting.Lifetime|Application started. Press Ctrl+C to shut down. 
2023-07-09 17:55:58.6007|0|INFO|Microsoft.Hosting.Lifetime|Hosting environment: Development 
2023-07-09 17:55:58.6007|0|INFO|Microsoft.Hosting.Lifetime|Content root path: C:\Users\dimit\source\repos\SixthSemester\ISHomework_CinemaTicketSystem\CinemaTicketSystem.Web 
2023-07-09 19:42:44.1527|0|DEBUG|CinemaTicketSystem.Web.Program|init main 
2023-07-09 19:42:46.3442|0|INFO|Microsoft.Hosting.Lifetime|Application started. Press Ctrl+C to shut down. 
2023-07-09 19:42:46.3442|0|INFO|Microsoft.Hosting.Lifetime|Hosting environment: Development 
2023-07-09 19:42:46.3442|0|INFO|Microsoft.Hosting.Lifetime|Content root path: C:\Users\dimit\source\repos\SixthSemester\ISHomework_CinemaTicketSystem\CinemaTicketSystem.Web 
2023-07-09 20:03:12.6545|0|DEBUG|CinemaTicketSystem.Web.Program|init main 
2023-07-09 20:03:14.0611|0|INFO|Microsoft.Hosting.Lifetime|Application started. Press Ctrl+C to shut down. 
2023-07-09 20:03:14.0611|0|INFO|Microsoft.Hosting.Lifetime|Hosting environment: Development 
2023-07-09 20:03:14.0611|0|INFO|Microsoft.Hosting.Lifetime|Content root path: C:\Users\dimit\source\repos\SixthSemester\ISHomework_CinemaTicketSystem\CinemaTicketSystem.Web 
2023-07-09 21:00:53.0504|0|DEBUG|CinemaTicketSystem.Web.Program|init main 
2023-07-09 21:00:54.6043|0|INFO|Microsoft.Hosting.Lifetime|Application started. Press Ctrl+C to shut down. 
2023-07-09 21:00:54.6200|0|INFO|Microsoft.Hosting.Lifetime|Hosting environment: Development 
2023-07-09 21:00:54.6266|0|INFO|Microsoft.Hosting.Lifetime|Content root path: C:\Users\dimit\source\repos\SixthSemester\ISHomework_CinemaTicketSystem\CinemaTicketSystem.Web 
2023-07-09 21:01:07.3877|0|INFO|CinemaTicketSystem.Service.Implementation.TicketService|GetAllProducts was called! 
2023-07-09 21:01:15.0820|0|INFO|CinemaTicketSystem.Service.Implementation.TicketService|GetAllProducts was called! 
2023-07-09 21:02:13.6827|0|INFO|CinemaTicketSystem.Service.Implementation.TicketService|GetAllProducts was called! 
2023-07-09 21:02:23.6033|0|INFO|CinemaTicketSystem.Service.Implementation.TicketService|Ticket was successfully added into ShoppingCart 
2023-07-09 21:02:23.6208|0|INFO|CinemaTicketSystem.Service.Implementation.TicketService|GetAllProducts was called! 
2023-07-09 21:02:35.6620|0|INFO|CinemaTicketSystem.Service.Implementation.TicketService|GetAllProducts was called! 
2023-07-09 21:02:37.5675|0|INFO|CinemaTicketSystem.Service.Implementation.TicketService|Ticket was successfully added into ShoppingCart 
2023-07-09 21:02:37.5818|0|INFO|CinemaTicketSystem.Service.Implementation.TicketService|GetAllProducts was called! 
